<?xml version="1.0" encoding="UTF-8"?>
<testng-results skipped="0" failed="0" ignored="0" total="1" passed="1">
  <reporter-output>
  </reporter-output>
  <suite name="Default suite" duration-ms="45570" started-at="2018-04-11T07:42:43Z" finished-at="2018-04-11T07:43:29Z">
    <groups>
    </groups>
    <test name="Default test" duration-ms="45570" started-at="2018-04-11T07:42:43Z" finished-at="2018-04-11T07:43:29Z">
      <class name="com.crm.testscripts.AdmiTest2">
        <test-method status="PASS" signature="init()[pri:0, instance:com.crm.testscripts.AdmiTest2@6b67034]" name="init" is-config="true" duration-ms="16209" started-at="2018-04-11T07:42:43Z" finished-at="2018-04-11T07:42:59Z">
          <reporter-output>
          </reporter-output>
        </test-method> <!-- init -->
        <test-method status="PASS" signature="createContactusingcsvfile()[pri:0, instance:com.crm.testscripts.AdmiTest2@6b67034]" name="createContactusingcsvfile" duration-ms="29309" started-at="2018-04-11T07:43:00Z" description="Creating contact using csv file" finished-at="2018-04-11T07:43:29Z">
          <reporter-output>
          </reporter-output>
        </test-method> <!-- createContactusingcsvfile -->
      </class> <!-- com.crm.testscripts.AdmiTest2 -->
    </test> <!-- Default test -->
  </suite> <!-- Default suite -->
</testng-results>
